<?xml version="1.0" encoding="UTF-8"?>
<testng-results skipped="0" failed="0" total="1" passed="1">
  <reporter-output>
  </reporter-output>
  <suite name="Suite" duration-ms="8535" started-at="2017-05-05T12:31:13Z" finished-at="2017-05-05T12:31:22Z">
    <groups>
    </groups>
    <test name="Test" duration-ms="8535" started-at="2017-05-05T12:31:13Z" finished-at="2017-05-05T12:31:22Z">
      <class name="com.morningstar.PDFCompareTest">
        <test-method status="PASS" signature="pdfCompareTest()[pri:0, instance:com.morningstar.PDFCompareTest@1bc6a36e]" name="pdfCompareTest" duration-ms="8525" started-at="2017-05-05T18:01:13Z" finished-at="2017-05-05T18:01:22Z">
          <reporter-output>
          </reporter-output>
        </test-method> <!-- pdfCompareTest -->
      </class> <!-- com.morningstar.PDFCompareTest -->
    </test> <!-- Test -->
  </suite> <!-- Suite -->
</testng-results>
